<?xml version="1.0" encoding="UTF-8"?>
<!-- Generated by org.testng.reporters.JUnitReportReporter -->
<testsuite skipped="0" hostname="LAPTOP-MTGHGUO1" name="testcase.orangeValidationHrm" tests="1" failures="0" timestamp="2020-02-28T15:50:00 IST" time="8.080" errors="0">
  <testcase name="login" time="8.080" classname="testcase.orangeValidationHrm"/>
</testsuite> <!-- testcase.orangeValidationHrm -->
