<?xml version="1.0" encoding="UTF-8"?>
<!-- Generated by org.testng.reporters.JUnitReportReporter -->
<testsuite skipped="0" hostname="LAPTOP-MTGHGUO1" name="basicprograms.orangeHrmValidation" tests="1" failures="0" timestamp="2020-02-08T08:19:27 IST" time="15.114" errors="0">
  <testcase name="Flightvalidation" time="15.114" classname="basicprograms.orangeHrmValidation"/>
</testsuite> <!-- basicprograms.orangeHrmValidation -->
