<?xml version="1.0" encoding="UTF-8"?>
<!-- Generated by org.testng.reporters.JUnitReportReporter -->
<testsuite skipped="0" hostname="LAPTOP-MTGHGUO1" name="ObjectRepository.RediffLoginPg" tests="1" failures="0" timestamp="2020-03-02T19:32:29 IST" time="14.057" errors="0">
  <testcase name="setup" time="14.057" classname="ObjectRepository.RediffLoginPg"/>
</testsuite> <!-- ObjectRepository.RediffLoginPg -->
