<?xml version="1.0" encoding="UTF-8"?>
<!-- Generated by org.testng.reporters.JUnitReportReporter -->
<testsuite skipped="0" hostname="LAPTOP-MTGHGUO1" name="testcase.Demoprogram" tests="1" failures="0" timestamp="2020-02-28T21:47:38 IST" time="17.571" errors="0">
  <testcase name="login" time="17.571" classname="testcase.Demoprogram"/>
</testsuite> <!-- testcase.Demoprogram -->
