<?xml version="1.0" encoding="UTF-8"?>
<!-- Generated by org.testng.reporters.JUnitReportReporter -->
<testsuite skipped="0" hostname="LAPTOP-MTGHGUO1" name="testcase.Redloginvalidation" tests="2" failures="0" timestamp="2020-02-28T15:50:00 IST" time="2.475" errors="0">
  <testcase name="Reglink" time="1.187" classname="testcase.Redloginvalidation"/>
  <testcase name="flightReg" time="1.288" classname="testcase.Redloginvalidation"/>
</testsuite> <!-- testcase.Redloginvalidation -->
