<?xml version="1.0" encoding="UTF-8"?>
<!-- Generated by org.testng.reporters.JUnitReportReporter -->
<testsuite skipped="0" hostname="LAPTOP-MTGHGUO1" name="testcase.DataDrivenFrameWork" tests="1" failures="0" timestamp="2020-02-08T20:33:18 IST" time="1.311" errors="0">
  <testcase name="DataDriven" time="1.311" classname="testcase.DataDrivenFrameWork"/>
</testsuite> <!-- testcase.DataDrivenFrameWork -->
